<?xml version="1.0" encoding="UTF-8"?>
<!-- Generated by org.testng.reporters.JUnitXMLReporter -->
<testsuite ignored="0" hostname="DESKTOP-SLTNURU" failures="0" tests="6" name="Default test" time="13.616" errors="0" timestamp="2021-01-21T21:54:05 EST">
  <testcase classname="com.qaTesting.tests.FiddleTests" name="checkGettingStartedTest" time="0.721"/>
  <testcase classname="com.qaTesting.tests.FiddleTests" name="checkSaveTest" time="0.802"/>
  <testcase classname="com.qaTesting.tests.FiddleTests" name="clickRunTest" time="0.289"/>
  <testcase classname="com.qaTesting.tests.FiddleTests" name="hideSideBarTest" time="0.233"/>
  <testcase classname="com.qaTesting.tests.FiddleTests" name="setPackageTest" time="4.618"/>
  <testcase classname="com.qaTesting.tests.FiddleTests" name="shareButtonTest" time="0.384"/>
</testsuite> <!-- Default test -->
