<?xml version="1.0" encoding="UTF-8"?>
<!-- Generated by org.testng.reporters.JUnitXMLReporter -->
<testsuite ignored="0" hostname="DESKTOP-SLTNURU" failures="0" tests="6" name="Test" time="15.709" errors="0" timestamp="2021-01-22T01:39:49 EST">
  <testcase classname="com.qaTesting.tests.FiddleTests" name="checkGettingStartedTest" time="1.504"/>
  <testcase classname="com.qaTesting.tests.FiddleTests" name="checkSaveTest" time="0.723"/>
  <testcase classname="com.qaTesting.tests.FiddleTests" name="clickRunTest" time="0.135"/>
  <testcase classname="com.qaTesting.tests.FiddleTests" name="hideSideBarTest" time="0.197"/>
  <testcase classname="com.qaTesting.tests.FiddleTests" name="setPackageTest" time="5.16"/>
  <testcase classname="com.qaTesting.tests.FiddleTests" name="shareButtonTest" time="0.545"/>
</testsuite> <!-- Test -->
