<?xml version="1.0" encoding="UTF-8"?>
<testng-results ignored="0" total="6" passed="6" failed="0" skipped="0">
  <reporter-output>
  </reporter-output>
  <suite started-at="2021-01-21T21:53:52 EST" name="Default suite" finished-at="2021-01-21T21:54:05 EST" duration-ms="13616">
    <groups>
    </groups>
    <test started-at="2021-01-21T21:53:52 EST" name="Default test" finished-at="2021-01-21T21:54:05 EST" duration-ms="13616">
      <class name="com.qaTesting.tests.FiddleTests">
        <test-method is-config="true" signature="opening()[pri:0, instance:com.qaTesting.tests.FiddleTests@6a0ac48e]" started-at="2021-01-21T21:53:52 EST" name="opening" finished-at="2021-01-21T21:53:52 EST" duration-ms="232" status="PASS">
          <reporter-output>
          </reporter-output>
        </test-method> <!-- opening -->
        <test-method is-config="true" signature="homePage()[pri:0, instance:com.qaTesting.tests.FiddleTests@6a0ac48e]" started-at="2021-01-21T21:53:52 EST" name="homePage" finished-at="2021-01-21T21:53:55 EST" duration-ms="2912" status="PASS">
          <reporter-output>
          </reporter-output>
        </test-method> <!-- homePage -->
        <test-method signature="checkGettingStartedTest()[pri:0, instance:com.qaTesting.tests.FiddleTests@6a0ac48e]" started-at="2021-01-21T21:53:55 EST" name="checkGettingStartedTest" finished-at="2021-01-21T21:53:55 EST" duration-ms="721" status="PASS">
          <reporter-output>
          </reporter-output>
        </test-method> <!-- checkGettingStartedTest -->
        <test-method is-config="true" signature="homePage()[pri:0, instance:com.qaTesting.tests.FiddleTests@6a0ac48e]" started-at="2021-01-21T21:53:55 EST" name="homePage" finished-at="2021-01-21T21:53:56 EST" duration-ms="380" status="PASS">
          <reporter-output>
          </reporter-output>
        </test-method> <!-- homePage -->
        <test-method signature="checkSaveTest()[pri:0, instance:com.qaTesting.tests.FiddleTests@6a0ac48e]" started-at="2021-01-21T21:53:56 EST" name="checkSaveTest" finished-at="2021-01-21T21:53:57 EST" duration-ms="802" status="PASS">
          <reporter-output>
          </reporter-output>
        </test-method> <!-- checkSaveTest -->
        <test-method is-config="true" signature="homePage()[pri:0, instance:com.qaTesting.tests.FiddleTests@6a0ac48e]" started-at="2021-01-21T21:53:57 EST" name="homePage" finished-at="2021-01-21T21:53:57 EST" duration-ms="311" status="PASS">
          <reporter-output>
          </reporter-output>
        </test-method> <!-- homePage -->
        <test-method signature="clickRunTest()[pri:0, instance:com.qaTesting.tests.FiddleTests@6a0ac48e]" started-at="2021-01-21T21:53:57 EST" name="clickRunTest" finished-at="2021-01-21T21:53:57 EST" duration-ms="289" status="PASS">
          <reporter-output>
          </reporter-output>
        </test-method> <!-- clickRunTest -->
        <test-method is-config="true" signature="homePage()[pri:0, instance:com.qaTesting.tests.FiddleTests@6a0ac48e]" started-at="2021-01-21T21:53:57 EST" name="homePage" finished-at="2021-01-21T21:53:58 EST" duration-ms="346" status="PASS">
          <reporter-output>
          </reporter-output>
        </test-method> <!-- homePage -->
        <test-method signature="hideSideBarTest()[pri:0, instance:com.qaTesting.tests.FiddleTests@6a0ac48e]" started-at="2021-01-21T21:53:58 EST" name="hideSideBarTest" finished-at="2021-01-21T21:53:58 EST" duration-ms="233" status="PASS">
          <reporter-output>
          </reporter-output>
        </test-method> <!-- hideSideBarTest -->
        <test-method is-config="true" signature="homePage()[pri:0, instance:com.qaTesting.tests.FiddleTests@6a0ac48e]" started-at="2021-01-21T21:53:58 EST" name="homePage" finished-at="2021-01-21T21:53:58 EST" duration-ms="362" status="PASS">
          <reporter-output>
          </reporter-output>
        </test-method> <!-- homePage -->
        <test-method signature="setPackageTest()[pri:0, instance:com.qaTesting.tests.FiddleTests@6a0ac48e]" started-at="2021-01-21T21:53:58 EST" name="setPackageTest" finished-at="2021-01-21T21:54:03 EST" duration-ms="4618" status="PASS">
          <reporter-output>
          </reporter-output>
        </test-method> <!-- setPackageTest -->
        <test-method is-config="true" signature="homePage()[pri:0, instance:com.qaTesting.tests.FiddleTests@6a0ac48e]" started-at="2021-01-21T21:54:03 EST" name="homePage" finished-at="2021-01-21T21:54:04 EST" duration-ms="702" status="PASS">
          <reporter-output>
          </reporter-output>
        </test-method> <!-- homePage -->
        <test-method signature="shareButtonTest()[pri:0, instance:com.qaTesting.tests.FiddleTests@6a0ac48e]" started-at="2021-01-21T21:54:04 EST" name="shareButtonTest" finished-at="2021-01-21T21:54:04 EST" duration-ms="384" status="PASS">
          <reporter-output>
          </reporter-output>
        </test-method> <!-- shareButtonTest -->
        <test-method is-config="true" signature="closeBrowser()[pri:0, instance:com.qaTesting.tests.FiddleTests@6a0ac48e]" started-at="2021-01-21T21:54:04 EST" name="closeBrowser" finished-at="2021-01-21T21:54:05 EST" duration-ms="1236" status="PASS">
          <reporter-output>
          </reporter-output>
        </test-method> <!-- closeBrowser -->
      </class> <!-- com.qaTesting.tests.FiddleTests -->
    </test> <!-- Default test -->
  </suite> <!-- Default suite -->
</testng-results>
