<?xml version="1.0" encoding="UTF-8"?>
<testng-results ignored="0" total="1" passed="1" failed="0" skipped="0">
  <reporter-output>
  </reporter-output>
  <suite started-at="2021-01-19T23:58:48 EST" name="Default suite" finished-at="2021-01-19T23:58:53 EST" duration-ms="5104">
    <groups>
    </groups>
    <test started-at="2021-01-19T23:58:48 EST" name="Default test" finished-at="2021-01-19T23:58:53 EST" duration-ms="5104">
      <class name="come.qaTesting.pages.SaveTest">
        <test-method is-config="true" signature="maximize()[pri:0, instance:come.qaTesting.pages.SaveTest@5e1218b4]" started-at="2021-01-19T23:58:48 EST" name="maximize" finished-at="2021-01-19T23:58:53 EST" duration-ms="4328" status="PASS">
          <reporter-output>
          </reporter-output>
        </test-method> <!-- maximize -->
        <test-method signature="checkSaveTest()[pri:0, instance:come.qaTesting.pages.SaveTest@5e1218b4]" started-at="2021-01-19T23:58:53 EST" name="checkSaveTest" finished-at="2021-01-19T23:58:53 EST" duration-ms="739" status="PASS">
          <reporter-output>
          </reporter-output>
        </test-method> <!-- checkSaveTest -->
      </class> <!-- come.qaTesting.pages.SaveTest -->
    </test> <!-- Default test -->
  </suite> <!-- Default suite -->
</testng-results>
